<?xml version="1.0" encoding="UTF-8"?>
<!-- Generated by org.testng.reporters.JUnitReportReporter -->
<testsuite hostname="DESKTOP-I5MV7FE" failures="0" tests="2" name="project.project.AppTest" time="٠.٥٨٨" errors="0" timestamp="٢٠٢٥-٠٤-١٩T١٠:٥١:٠٨ غرينتش+٠٣:٠٠" skipped="1">
  <testcase classname="project.project.AppTest" name="FillingtheInputFields" time="٠.٥٨٨"/>
  <testcase classname="project.project.AppTest" name="ScrollTest">
    <skipped/>
  </testcase> <!-- ScrollTest -->
</testsuite> <!-- project.project.AppTest -->
